
ENTRY: demo\jfc\Java2D\src\java2d\demos\Mix\BezierScroller.java
warning wpt0015: Old File does not exist


ENTRY: demo\plugin\jfc\Java2D\src\java2d\demos\Mix\BezierScroller.java
warning wpt0015: Old File does not exist


ENTRY: demo\jfc\Java2D\src\java2d\DemoImages.java
warning wpt0015: Old File does not exist


ENTRY: demo\plugin\jfc\Java2D\src\java2d\DemoImages.java
warning wpt0015: Old File does not exist


ENTRY: demo\plugin\applets\Animator\example1.html
warning wpt0015: Old File does not exist


ENTRY: demo\plugin\applets\ArcTest\example1.html
warning wpt0015: Old File does not exist


ENTRY: demo\plugin\applets\BarChart\example1.html
warning wpt0015: Old File does not exist


ENTRY: demo\plugin\applets\Blink\example1.html
warning wpt0015: Old File does not exist


ENTRY: demo\plugin\applets\CardTest\example1.html
warning wpt0015: Old File does not exist


ENTRY: demo\plugin\applets\Clock\example1.html
warning wpt0015: Old File does not exist


ENTRY: demo\plugin\applets\DitherTest\example1.html
warning wpt0015: Old File does not exist


ENTRY: demo\plugin\applets\DrawTest\example1.html
warning wpt0015: Old File does not exist


ENTRY: demo\plugin\applets\Fractal\example1.html
warning wpt0015: Old File does not exist


ENTRY: demo\plugin\applets\GraphicsTest\example1.html
warning wpt0015: Old File does not exist


ENTRY: demo\plugin\applets\GraphLayout\example1.html
warning wpt0015: Old File does not exist


ENTRY: demo\plugin\applets\ImageMap\example1.html
warning wpt0015: Old File does not exist


ENTRY: demo\plugin\applets\JumpingBox\example1.html
warning wpt0015: Old File does not exist


ENTRY: demo\plugin\applets\MoleculeViewer\example1.html
warning wpt0015: Old File does not exist


ENTRY: demo\plugin\applets\NervousText\example1.html
warning wpt0015: Old File does not exist


ENTRY: demo\plugin\applets\SimpleGraph\example1.html
warning wpt0015: Old File does not exist


ENTRY: demo\plugin\applets\SortDemo\example1.html
warning wpt0015: Old File does not exist


ENTRY: demo\plugin\applets\SpreadSheet\example1.html
warning wpt0015: Old File does not exist


ENTRY: demo\plugin\applets\TicTacToe\example1.html
warning wpt0015: Old File does not exist


ENTRY: demo\plugin\applets\WireFrame\example1.html
warning wpt0015: Old File does not exist


ENTRY: demo\plugin\applets\Animator\example2.html
warning wpt0015: Old File does not exist


ENTRY: demo\plugin\applets\GraphLayout\example2.html
warning wpt0015: Old File does not exist


ENTRY: demo\plugin\applets\MoleculeViewer\example2.html
warning wpt0015: Old File does not exist


ENTRY: demo\plugin\applets\WireFrame\example2.html
warning wpt0015: Old File does not exist


ENTRY: demo\plugin\applets\Animator\example3.html
warning wpt0015: Old File does not exist


ENTRY: demo\plugin\applets\GraphLayout\example3.html
warning wpt0015: Old File does not exist


ENTRY: demo\plugin\applets\MoleculeViewer\example3.html
warning wpt0015: Old File does not exist


ENTRY: demo\plugin\applets\WireFrame\example3.html
warning wpt0015: Old File does not exist


ENTRY: demo\plugin\applets\Animator\example4.html
warning wpt0015: Old File does not exist


ENTRY: demo\plugin\applets\GraphLayout\example4.html
warning wpt0015: Old File does not exist


ENTRY: demo\plugin\applets\WireFrame\example4.html
warning wpt0015: Old File does not exist


ENTRY: demo\jpda\examples.jar
warning wpt0015: Old File does not exist


ENTRY: demo\jfc\FileChooserDemo\FileChooserDemo.jar
warning wpt0015: Old File does not exist


ENTRY: demo\plugin\jfc\FileChooserDemo\FileChooserDemo.jar
warning wpt0015: Old File does not exist


ENTRY: demo\plugin\jfc\Font2DTest\Font2DTest.html
warning wpt0015: Old File does not exist


ENTRY: demo\jfc\Font2DTest\Font2DTest.jar
warning wpt0015: Old File does not exist


ENTRY: demo\plugin\jfc\Font2DTest\Font2DTest.jar
warning wpt0015: Old File does not exist


ENTRY: demo\jfc\Java2D\src\java2d\Intro.java
warning wpt0015: Old File does not exist


ENTRY: demo\plugin\jfc\Java2D\src\java2d\Intro.java
warning wpt0015: Old File does not exist


ENTRY: demo\plugin\jfc\Java2D\Java2Demo.html
warning wpt0015: Old File does not exist


ENTRY: demo\jfc\Java2D\Java2Demo.jar
warning wpt0015: Old File does not exist


ENTRY: demo\plugin\jfc\Java2D\Java2Demo.jar
warning wpt0015: Old File does not exist


ENTRY: demo\jfc\Metalworks\HelpFiles\javalogo.gif
warning wpt0015: Old File does not exist


ENTRY: demo\plugin\jfc\Metalworks\HelpFiles\javalogo.gif
warning wpt0015: Old File does not exist


ENTRY: demo\jfc\Metalworks\Metalworks.jar
warning wpt0015: Old File does not exist


ENTRY: demo\plugin\jfc\Metalworks\Metalworks.jar
warning wpt0015: Old File does not exist


ENTRY: demo\jfc\Notepad\Notepad.jar
warning wpt0015: Old File does not exist


ENTRY: demo\plugin\jfc\Notepad\Notepad.jar
warning wpt0015: Old File does not exist


ENTRY: demo\jfc\SampleTree\SampleTree.jar
warning wpt0015: Old File does not exist


ENTRY: demo\plugin\jfc\SampleTree\SampleTree.jar
warning wpt0015: Old File does not exist


ENTRY: src.zip
warning wpt0015: Old File does not exist


ENTRY: demo\jfc\Stylepad\Stylepad.jar
warning wpt0015: Old File does not exist


ENTRY: demo\plugin\jfc\Stylepad\Stylepad.jar
warning wpt0015: Old File does not exist


ENTRY: demo\plugin\jfc\SwingApplet\SwingApplet.html
warning wpt0015: Old File does not exist


ENTRY: demo\jfc\SwingApplet\SwingApplet.jar
warning wpt0015: Old File does not exist


ENTRY: demo\plugin\jfc\SwingApplet\SwingApplet.jar
warning wpt0015: Old File does not exist


ENTRY: demo\plugin\jfc\SwingSet2\SwingSet2.html
warning wpt0015: Old File does not exist


ENTRY: demo\jfc\SwingSet2\SwingSet2.jar
warning wpt0015: Old File does not exist


ENTRY: demo\plugin\jfc\SwingSet2\SwingSet2.jar
warning wpt0015: Old File does not exist


ENTRY: demo\jfc\TableExample\TableExample.jar
warning wpt0015: Old File does not exist


ENTRY: demo\plugin\jfc\TableExample\TableExample.jar
warning wpt0015: Old File does not exist


ENTRY: demo\jfc\Java2D\src\java2d\TextureChooser.java
warning wpt0015: Old File does not exist


ENTRY: demo\plugin\jfc\Java2D\src\java2d\TextureChooser.java
warning wpt0015: Old File does not exist

